Flutter crash report.
Please report a bug at https://github.com/flutter/flutter/issues.

## command

flutter run

## exception

PathAccessException: PathAccessException: Deletion failed, path = 'C:\Users\MSI-GA~1\AppData\Local\Temp\flutter_tools.3a7c08b7\flutter_tool.9ebd05b' (OS Error: The process cannot access the file because it is being used by another process, errno = 32)

```
#0      _Directory._deleteSync (dart:io/directory_impl.dart:216:7)
#1      FileSystemEntity.deleteSync (dart:io/file_system_entity.dart:425:7)
#2      ForwardingFileSystemEntity.deleteSync (package:file/src/forwarding/forwarding_file_system_entity.dart:70:16)
#3      ErrorHandlingDirectory.deleteSync.<anonymous closure> (package:flutter_tools/src/base/error_handling_io.dart:451:22)
#4      _runSync (package:flutter_tools/src/base/error_handling_io.dart:552:14)
#5      ErrorHandlingDirectory.deleteSync (package:flutter_tools/src/base/error_handling_io.dart:450:12)
#6      ResidentRunner.preExit (package:flutter_tools/src/resident_runner.dart:1435:25)
#7      ResidentRunner.exit (package:flutter_tools/src/resident_runner.dart:1278:11)
<asynchronous suspension>
#8      TerminalHandler._commonTerminalInputHandler (package:flutter_tools/src/resident_runner.dart:1830:9)
<asynchronous suspension>
#9      TerminalHandler.processTerminalInput (package:flutter_tools/src/resident_runner.dart:1906:7)
<asynchronous suspension>
```

## flutter doctor

```
[32m[‚úď][39m Flutter (Channel stable, 3.41.6, on Microsoft Windows [Version
    10.0.26200.8246], locale en-US) [797ms]
    [32m‚ÄĘ[39m Flutter version 3.41.6 on channel stable at
      C:\Users\MSI-GAMING\develop\flutter
    [32m‚ÄĘ[39m Upstream repository https://github.com/flutter/flutter.git
    [32m‚ÄĘ[39m Framework revision db50e20168 (4 weeks ago), 2026-03-25 16:21:00
      -0700
    [32m‚ÄĘ[39m Engine revision 425cfb54d0
    [32m‚ÄĘ[39m Dart version 3.11.4
    [32m‚ÄĘ[39m DevTools version 2.54.2
    [32m‚ÄĘ[39m Feature flags: enable-web, enable-linux-desktop,
      enable-macos-desktop, enable-windows-desktop, enable-android,
      enable-ios, cli-animations, enable-native-assets,
      omit-legacy-version-file, enable-lldb-debugging,
      enable-uiscene-migration

[32m[‚úď][39m Windows Version (Windows 11 or higher, 25H2, 2009) [8.5s]

[31m[‚úó][39m Android toolchain - develop for Android devices [34ms]
    [31m‚úó[39m Unable to locate Android SDK.
      Install Android Studio from:
      https://developer.android.com/studio/index.html
      On first launch it will assist you in installing the Android SDK
      components.
      (or visit https://flutter.dev/to/windows-android-setup for detailed
      instructions).
      If the Android SDK has been installed to a custom location, please
      use
      `flutter config --android-sdk` to update to that location.


[32m[‚úď][39m Chrome - develop for the web [11ms]
    [32m‚ÄĘ[39m Chrome at C:\Program Files\Google\Chrome\Application\chrome.exe

[31m[‚úó][39m Visual Studio - develop Windows apps [10ms]
    [31m‚úó[39m Visual Studio not installed; this is necessary to develop Windows
      apps.
      Download at https://visualstudio.microsoft.com/downloads/.
      Please install the "Desktop development with C++" workload,
      including all of its default components

[32m[‚úď][39m Connected device (3 available) [32ms]
    [32m‚ÄĘ[39m Windows (desktop) ‚ÄĘ windows ‚ÄĘ windows-x64    ‚ÄĘ Microsoft Windows
      [Version 10.0.26200.8246]
    [32m‚ÄĘ[39m Chrome (web)      ‚ÄĘ chrome  ‚ÄĘ web-javascript ‚ÄĘ Google Chrome
      147.0.7727.56
    [32m‚ÄĘ[39m Edge (web)        ‚ÄĘ edge    ‚ÄĘ web-javascript ‚ÄĘ Microsoft Edge
      147.0.3912.60

[32m[‚úď][39m Network resources [1,393ms]
    [32m‚ÄĘ[39m All expected network resources are available.

[33m![39m Doctor found issues in 2 categories.
```
